SF:lib/network/pagination_helper.dart
DA:5,3
DA:7,1
DA:8,1
DA:11,1
LF:4
LH:4
end_of_record
SF:lib/network/pexels_api_search_nature.dart
DA:27,1
DA:30,1
DA:31,3
DA:32,1
DA:35,1
DA:36,3
DA:38,3
DA:40,4
DA:41,4
DA:43,2
DA:44,4
DA:46,2
DA:47,2
DA:48,2
DA:50,1
DA:51,2
DA:52,5
DA:53,2
DA:54,4
DA:55,4
DA:56,4
DA:60,0
DA:65,1
DA:66,3
DA:67,1
DA:70,0
DA:71,0
DA:72,0
LF:28
LH:24
end_of_record
SF:lib/podo/pagination_info.dart
DA:47,1
DA:49,1
DA:50,1
DA:51,1
DA:52,2
DA:53,1
DA:54,1
DA:57,1
DA:58,1
DA:59,1
DA:60,1
DA:61,1
DA:62,1
LF:13
LH:13
end_of_record
SF:lib/podo/photo.dart
DA:22,1
DA:35,1
DA:36,1
DA:37,1
DA:38,1
DA:39,1
DA:40,1
DA:41,1
DA:42,1
DA:43,1
DA:44,1
DA:45,2
DA:46,1
LF:13
LH:13
end_of_record
SF:lib/podo/photo_src.dart
DA:14,1
DA:25,1
DA:26,1
DA:27,1
DA:28,1
DA:29,1
DA:30,1
DA:31,1
DA:32,1
DA:33,1
DA:34,1
LF:11
LH:11
end_of_record
